<?xml version="1.0" encoding="UTF-8"?>
<testng-results ignored="0" total="4" passed="2" failed="2" skipped="0">
  <reporter-output>
  </reporter-output>
  <suite started-at="2020-04-06T11:41:24Z" name="Suite" finished-at="2020-04-06T11:51:28Z" duration-ms="604554">
    <groups>
    </groups>
    <test started-at="2020-04-06T11:41:24Z" name="Test" finished-at="2020-04-06T11:51:28Z" duration-ms="604554">
      <class name="com.augmento.testcases.ListManager_ListLibraryPageTest">
        <test-method is-config="true" signature="report()[pri:0, instance:com.augmento.testcases.ListManager_ListLibraryPageTest@37fb0bed]" started-at="2020-04-06T17:11:24Z" name="report" finished-at="2020-04-06T17:11:24Z" duration-ms="135" status="PASS">
          <reporter-output>
          </reporter-output>
        </test-method> <!-- report -->
        <test-method is-config="true" signature="setUp()[pri:0, instance:com.augmento.testcases.ListManager_ListLibraryPageTest@37fb0bed]" started-at="2020-04-06T17:11:24Z" name="setUp" finished-at="2020-04-06T17:13:38Z" duration-ms="134271" status="PASS">
          <reporter-output>
          </reporter-output>
        </test-method> <!-- setUp -->
        <test-method signature="createSegment(java.lang.String, java.lang.String, java.lang.String, java.lang.String, java.lang.String, java.lang.String, java.lang.String, java.lang.String, java.lang.String, java.lang.String, java.lang.String, java.lang.String, java.lang.String, java.lang.String)[pri:0, instance:com.augmento.testcases.ListManager_ListLibraryPageTest@37fb0bed]" started-at="2020-04-06T17:13:38Z" name="createSegment" data-provider="getexceldata" finished-at="2020-04-06T17:14:03Z" duration-ms="24146" status="PASS">
          <params>
            <param index="0">
              <value>
                <![CDATA[Export]]>
              </value>
            </param>
            <param index="1">
              <value>
                <![CDATA[Delete Lists]]>
              </value>
            </param>
            <param index="2">
              <value>
                <![CDATA[ListSegments,Listjson110]]>
              </value>
            </param>
            <param index="3">
              <value>
                <![CDATA[CSV]]>
              </value>
            </param>
            <param index="4">
              <value>
                <![CDATA[Comma]]>
              </value>
            </param>
            <param index="5">
              <value>
                <![CDATA[Listimport110,Listjson11]]>
              </value>
            </param>
            <param index="6">
              <value>
                <![CDATA[NewListemail]]>
              </value>
            </param>
            <param index="7">
              <value>
                <![CDATA[ListSegments1]]>
              </value>
            </param>
            <param index="8">
              <value>
                <![CDATA[Test]]>
              </value>
            </param>
            <param index="9">
              <value>
                <![CDATA[Listjson110,Listimport110]]>
              </value>
            </param>
            <param index="10">
              <value>
                <![CDATA[List]]>
              </value>
            </param>
            <param index="11">
              <value>
                <![CDATA[Listimport110-Email]]>
              </value>
            </param>
            <param index="12">
              <value>
                <![CDATA[contains]]>
              </value>
            </param>
            <param index="13">
              <value>
                <![CDATA[gmail.com]]>
              </value>
            </param>
          </params>
          <reporter-output>
          </reporter-output>
        </test-method> <!-- createSegment -->
        <test-method is-config="true" signature="setUp()[pri:0, instance:com.augmento.testcases.ListManager_ListLibraryPageTest@37fb0bed]" started-at="2020-04-06T17:14:03Z" name="setUp" finished-at="2020-04-06T17:15:15Z" duration-ms="72669" status="PASS">
          <reporter-output>
          </reporter-output>
        </test-method> <!-- setUp -->
        <test-method signature="createSegment(java.lang.String, java.lang.String, java.lang.String, java.lang.String, java.lang.String, java.lang.String, java.lang.String, java.lang.String, java.lang.String, java.lang.String, java.lang.String, java.lang.String, java.lang.String, java.lang.String)[pri:0, instance:com.augmento.testcases.ListManager_ListLibraryPageTest@37fb0bed]" started-at="2020-04-06T17:15:15Z" name="createSegment" data-provider="getexceldata" finished-at="2020-04-06T17:15:45Z" duration-ms="29921" status="PASS">
          <params>
            <param index="0">
              <value>
                <![CDATA[Delete]]>
              </value>
            </param>
            <param index="1">
              <value>
                <![CDATA[Delete Lists]]>
              </value>
            </param>
            <param index="2">
              <value>
                <![CDATA[Listimport110,Listjson11]]>
              </value>
            </param>
            <param index="3">
              <value>
                <![CDATA[CSV]]>
              </value>
            </param>
            <param index="4">
              <value>
                <![CDATA[Comma]]>
              </value>
            </param>
            <param index="5">
              <value>
                <![CDATA[Listimport110,Listjson11]]>
              </value>
            </param>
            <param index="6">
              <value>
                <![CDATA[NewListemail]]>
              </value>
            </param>
            <param index="7">
              <value>
                <![CDATA[ListSegments1]]>
              </value>
            </param>
            <param index="8">
              <value>
                <![CDATA[Test]]>
              </value>
            </param>
            <param index="9">
              <value>
                <![CDATA[Listjson110,Listimport110]]>
              </value>
            </param>
            <param index="10">
              <value>
                <![CDATA[List]]>
              </value>
            </param>
            <param index="11">
              <value>
                <![CDATA[Listimport110-Email]]>
              </value>
            </param>
            <param index="12">
              <value>
                <![CDATA[contains]]>
              </value>
            </param>
            <param index="13">
              <value>
                <![CDATA[gmail.com]]>
              </value>
            </param>
          </params>
          <reporter-output>
          </reporter-output>
        </test-method> <!-- createSegment -->
        <test-method is-config="true" signature="setUp()[pri:0, instance:com.augmento.testcases.ListManager_ListLibraryPageTest@37fb0bed]" started-at="2020-04-06T17:15:45Z" name="setUp" finished-at="2020-04-06T17:16:57Z" duration-ms="71640" status="PASS">
          <reporter-output>
          </reporter-output>
        </test-method> <!-- setUp -->
        <test-method signature="createSegment(java.lang.String, java.lang.String, java.lang.String, java.lang.String, java.lang.String, java.lang.String, java.lang.String, java.lang.String, java.lang.String, java.lang.String, java.lang.String, java.lang.String, java.lang.String, java.lang.String)[pri:0, instance:com.augmento.testcases.ListManager_ListLibraryPageTest@37fb0bed]" started-at="2020-04-06T17:16:57Z" name="createSegment" data-provider="getexceldata" finished-at="2020-04-06T17:18:35Z" duration-ms="97633" status="FAIL">
          <params>
            <param index="0">
              <value>
                <![CDATA[Segment]]>
              </value>
            </param>
            <param index="1">
              <value>
                <![CDATA[Delete Lists]]>
              </value>
            </param>
            <param index="2">
              <value>
                <![CDATA[Listjson1,Listimport1]]>
              </value>
            </param>
            <param index="3">
              <value>
                <![CDATA[CSV]]>
              </value>
            </param>
            <param index="4">
              <value>
                <![CDATA[Comma]]>
              </value>
            </param>
            <param index="5">
              <value>
                <![CDATA[Listimport110,Listjson11]]>
              </value>
            </param>
            <param index="6">
              <value>
                <![CDATA[CategoryList]]>
              </value>
            </param>
            <param index="7">
              <value>
                <![CDATA[SegLists]]>
              </value>
            </param>
            <param index="8">
              <value>
                <![CDATA[Test]]>
              </value>
            </param>
            <param index="9">
              <value>
                <![CDATA[Listjson1,Listimport1]]>
              </value>
            </param>
            <param index="10">
              <value>
                <![CDATA[List]]>
              </value>
            </param>
            <param index="11">
              <value>
                <![CDATA[Listimport110-Email]]>
              </value>
            </param>
            <param index="12">
              <value>
                <![CDATA[contains]]>
              </value>
            </param>
            <param index="13">
              <value>
                <![CDATA[gmail.com]]>
              </value>
            </param>
          </params>
          <exception class="org.openqa.selenium.NoSuchElementException">
            <message>
              <![CDATA[Cannot locate element with text: Listimport110-Email
For documentation on this error, please visit: http://seleniumhq.org/exceptions/no_such_element.html
Build info: version: '2.43.0', revision: 'accb3003b9fb8f7cae30f9669b4c594a065396a6', time: '2014-09-09 22:22:51'
System info: host: 'GNB1DEVLSA', ip: '172.16.1.5', os.name: 'Windows 10', os.arch: 'amd64', os.version: '10.0', java.version: '11.0.6'
Driver info: driver.version: unknown]]>
            </message>
            <full-stacktrace>
              <![CDATA[org.openqa.selenium.NoSuchElementException: Cannot locate element with text: Listimport110-Email
For documentation on this error, please visit: http://seleniumhq.org/exceptions/no_such_element.html
Build info: version: '2.43.0', revision: 'accb3003b9fb8f7cae30f9669b4c594a065396a6', time: '2014-09-09 22:22:51'
System info: host: 'GNB1DEVLSA', ip: '172.16.1.5', os.name: 'Windows 10', os.arch: 'amd64', os.version: '10.0', java.version: '11.0.6'
Driver info: driver.version: unknown
	at org.openqa.selenium.support.ui.Select.selectByVisibleText(Select.java:147)
	at com.augment.base.BaseClass.selectElementByVisbleText(BaseClass.java:146)
	at com.augmento.pages.ListManager_ListLibraryPage.createSegment(ListManager_ListLibraryPage.java:214)
	at com.augmento.testcases.ListManager_ListLibraryPageTest.createSegment(ListManager_ListLibraryPageTest.java:127)
	at java.base/jdk.internal.reflect.NativeMethodAccessorImpl.invoke0(Native Method)
	at java.base/jdk.internal.reflect.NativeMethodAccessorImpl.invoke(NativeMethodAccessorImpl.java:62)
	at java.base/jdk.internal.reflect.DelegatingMethodAccessorImpl.invoke(DelegatingMethodAccessorImpl.java:43)
	at java.base/java.lang.reflect.Method.invoke(Method.java:566)
	at org.testng.internal.MethodInvocationHelper.invokeMethod(MethodInvocationHelper.java:108)
	at org.testng.internal.Invoker.invokeMethod(Invoker.java:661)
	at org.testng.internal.Invoker.invokeTestMethod(Invoker.java:869)
	at org.testng.internal.Invoker.invokeTestMethods(Invoker.java:1193)
	at org.testng.internal.TestMethodWorker.invokeTestMethods(TestMethodWorker.java:126)
	at org.testng.internal.TestMethodWorker.run(TestMethodWorker.java:109)
	at org.testng.TestRunner.privateRun(TestRunner.java:744)
	at org.testng.TestRunner.run(TestRunner.java:602)
	at org.testng.SuiteRunner.runTest(SuiteRunner.java:380)
	at org.testng.SuiteRunner.runSequentially(SuiteRunner.java:375)
	at org.testng.SuiteRunner.privateRun(SuiteRunner.java:340)
	at org.testng.SuiteRunner.run(SuiteRunner.java:289)
	at org.testng.SuiteRunnerWorker.runSuite(SuiteRunnerWorker.java:52)
	at org.testng.SuiteRunnerWorker.run(SuiteRunnerWorker.java:86)
	at org.testng.TestNG.runSuitesSequentially(TestNG.java:1301)
	at org.testng.TestNG.runSuitesLocally(TestNG.java:1226)
	at org.testng.TestNG.runSuites(TestNG.java:1144)
	at org.testng.TestNG.run(TestNG.java:1115)
	at org.testng.remote.AbstractRemoteTestNG.run(AbstractRemoteTestNG.java:115)
	at org.testng.remote.RemoteTestNG.initAndRun(RemoteTestNG.java:251)
	at org.testng.remote.RemoteTestNG.main(RemoteTestNG.java:77)
]]>
            </full-stacktrace>
          </exception> <!-- org.openqa.selenium.NoSuchElementException -->
          <reporter-output>
          </reporter-output>
        </test-method> <!-- createSegment -->
        <test-method is-config="true" signature="setUp()[pri:0, instance:com.augmento.testcases.ListManager_ListLibraryPageTest@37fb0bed]" started-at="2020-04-06T17:18:35Z" name="setUp" finished-at="2020-04-06T17:20:05Z" duration-ms="90399" status="PASS">
          <reporter-output>
          </reporter-output>
        </test-method> <!-- setUp -->
        <test-method signature="createSegment(java.lang.String, java.lang.String, java.lang.String, java.lang.String, java.lang.String, java.lang.String, java.lang.String, java.lang.String, java.lang.String, java.lang.String, java.lang.String, java.lang.String, java.lang.String, java.lang.String)[pri:0, instance:com.augmento.testcases.ListManager_ListLibraryPageTest@37fb0bed]" started-at="2020-04-06T17:20:05Z" name="createSegment" data-provider="getexceldata" finished-at="2020-04-06T17:21:28Z" duration-ms="82618" status="FAIL">
          <params>
            <param index="0">
              <value>
                <![CDATA[Export]]>
              </value>
            </param>
            <param index="1">
              <value>
                <![CDATA[Delete Lists]]>
              </value>
            </param>
            <param index="2">
              <value>
                <![CDATA[ListSegments,Listjson110]]>
              </value>
            </param>
            <param index="3">
              <value>
                <![CDATA[CSV]]>
              </value>
            </param>
            <param index="4">
              <value>
                <![CDATA[Comma]]>
              </value>
            </param>
            <param index="5">
              <value>
                <![CDATA[Listi]]>
              </value>
            </param>
            <param index="6">
              <value>
                <![CDATA[NewListemail]]>
              </value>
            </param>
            <param index="7">
              <value>
                <![CDATA[ListSegments1]]>
              </value>
            </param>
            <param index="8">
              <value>
                <![CDATA[Test]]>
              </value>
            </param>
            <param index="9">
              <value>
                <![CDATA[Listjson110,Listimport110]]>
              </value>
            </param>
            <param index="10">
              <value>
                <![CDATA[List]]>
              </value>
            </param>
            <param index="11">
              <value>
                <![CDATA[Listimport110-Email]]>
              </value>
            </param>
            <param index="12">
              <value>
                <![CDATA[contains]]>
              </value>
            </param>
            <param index="13">
              <value>
                <![CDATA[gmail.com]]>
              </value>
            </param>
          </params>
          <exception class="org.openqa.selenium.NoSuchElementException">
            <message>
              <![CDATA[no such element: Unable to locate element: {"method":"xpath","selector":"//td[text()='Listi']/../td[1]"}
  (Session info: chrome=74.0.3729.108)
  (Driver info: chromedriver=74.0.3729.6 (255758eccf3d244491b8a1317aa76e1ce10d57e9-refs/branch-heads/3729@{#29}),platform=Windows NT 10.0.17763 x86_64) (WARNING: The server did not provide any stacktrace information)
Command duration or timeout: 40.05 seconds
For documentation on this error, please visit: http://seleniumhq.org/exceptions/no_such_element.html
Build info: version: '2.43.0', revision: 'accb3003b9fb8f7cae30f9669b4c594a065396a6', time: '2014-09-09 22:22:51'
System info: host: 'GNB1DEVLSA', ip: '172.16.1.5', os.name: 'Windows 10', os.arch: 'amd64', os.version: '10.0', java.version: '11.0.6'
Driver info: org.openqa.selenium.chrome.ChromeDriver
Capabilities [{mobileEmulationEnabled=false, timeouts={implicit=0, pageLoad=300000, script=30000}, hasTouchScreen=false, platform=XP, acceptSslCerts=false, goog:chromeOptions={debuggerAddress=localhost:55191}, acceptInsecureCerts=false, webStorageEnabled=true, browserName=chrome, takesScreenshot=true, javascriptEnabled=true, setWindowRect=true, unexpectedAlertBehaviour=ignore, applicationCacheEnabled=false, rotatable=false, networkConnectionEnabled=false, chrome={chromedriverVersion=74.0.3729.6 (255758eccf3d244491b8a1317aa76e1ce10d57e9-refs/branch-heads/3729@{#29}), userDataDir=C:\Users\SWATI~1.AHU\AppData\Local\Temp\scoped_dir1608_12595}, takesHeapSnapshot=true, pageLoadStrategy=normal, strictFileInteractability=false, databaseEnabled=false, handlesAlerts=true, version=74.0.3729.108, browserConnectionEnabled=false, proxy={}, nativeEvents=true, locationContextEnabled=true, cssSelectorsEnabled=true}]
Session ID: 9d4407b87dfb145269efc1920d23ce5a]]>
            </message>
            <full-stacktrace>
              <![CDATA[org.openqa.selenium.NoSuchElementException: no such element: Unable to locate element: {"method":"xpath","selector":"//td[text()='Listi']/../td[1]"}
  (Session info: chrome=74.0.3729.108)
  (Driver info: chromedriver=74.0.3729.6 (255758eccf3d244491b8a1317aa76e1ce10d57e9-refs/branch-heads/3729@{#29}),platform=Windows NT 10.0.17763 x86_64) (WARNING: The server did not provide any stacktrace information)
Command duration or timeout: 40.05 seconds
For documentation on this error, please visit: http://seleniumhq.org/exceptions/no_such_element.html
Build info: version: '2.43.0', revision: 'accb3003b9fb8f7cae30f9669b4c594a065396a6', time: '2014-09-09 22:22:51'
System info: host: 'GNB1DEVLSA', ip: '172.16.1.5', os.name: 'Windows 10', os.arch: 'amd64', os.version: '10.0', java.version: '11.0.6'
Driver info: org.openqa.selenium.chrome.ChromeDriver
Capabilities [{mobileEmulationEnabled=false, timeouts={implicit=0, pageLoad=300000, script=30000}, hasTouchScreen=false, platform=XP, acceptSslCerts=false, goog:chromeOptions={debuggerAddress=localhost:55191}, acceptInsecureCerts=false, webStorageEnabled=true, browserName=chrome, takesScreenshot=true, javascriptEnabled=true, setWindowRect=true, unexpectedAlertBehaviour=ignore, applicationCacheEnabled=false, rotatable=false, networkConnectionEnabled=false, chrome={chromedriverVersion=74.0.3729.6 (255758eccf3d244491b8a1317aa76e1ce10d57e9-refs/branch-heads/3729@{#29}), userDataDir=C:\Users\SWATI~1.AHU\AppData\Local\Temp\scoped_dir1608_12595}, takesHeapSnapshot=true, pageLoadStrategy=normal, strictFileInteractability=false, databaseEnabled=false, handlesAlerts=true, version=74.0.3729.108, browserConnectionEnabled=false, proxy={}, nativeEvents=true, locationContextEnabled=true, cssSelectorsEnabled=true}]
Session ID: 9d4407b87dfb145269efc1920d23ce5a
	at java.base/jdk.internal.reflect.NativeConstructorAccessorImpl.newInstance0(Native Method)
	at java.base/jdk.internal.reflect.NativeConstructorAccessorImpl.newInstance(NativeConstructorAccessorImpl.java:62)
	at java.base/jdk.internal.reflect.DelegatingConstructorAccessorImpl.newInstance(DelegatingConstructorAccessorImpl.java:45)
	at java.base/java.lang.reflect.Constructor.newInstance(Constructor.java:490)
	at org.openqa.selenium.remote.ErrorHandler.createThrowable(ErrorHandler.java:204)
	at org.openqa.selenium.remote.ErrorHandler.throwIfResponseFailed(ErrorHandler.java:156)
	at org.openqa.selenium.remote.RemoteWebDriver.execute(RemoteWebDriver.java:599)
	at org.openqa.selenium.remote.RemoteWebDriver.findElement(RemoteWebDriver.java:352)
	at org.openqa.selenium.remote.RemoteWebDriver.findElementByXPath(RemoteWebDriver.java:449)
	at org.openqa.selenium.By$ByXPath.findElement(By.java:357)
	at org.openqa.selenium.remote.RemoteWebDriver.findElement(RemoteWebDriver.java:344)
	at com.augmento.pages.ListManager_ListLibraryPage.exportList(ListManager_ListLibraryPage.java:123)
	at com.augmento.testcases.ListManager_ListLibraryPageTest.createSegment(ListManager_ListLibraryPageTest.java:120)
	at java.base/jdk.internal.reflect.NativeMethodAccessorImpl.invoke0(Native Method)
	at java.base/jdk.internal.reflect.NativeMethodAccessorImpl.invoke(NativeMethodAccessorImpl.java:62)
	at java.base/jdk.internal.reflect.DelegatingMethodAccessorImpl.invoke(DelegatingMethodAccessorImpl.java:43)
	at java.base/java.lang.reflect.Method.invoke(Method.java:566)
	at org.testng.internal.MethodInvocationHelper.invokeMethod(MethodInvocationHelper.java:108)
	at org.testng.internal.Invoker.invokeMethod(Invoker.java:661)
	at org.testng.internal.Invoker.invokeTestMethod(Invoker.java:869)
	at org.testng.internal.Invoker.invokeTestMethods(Invoker.java:1193)
	at org.testng.internal.TestMethodWorker.invokeTestMethods(TestMethodWorker.java:126)
	at org.testng.internal.TestMethodWorker.run(TestMethodWorker.java:109)
	at org.testng.TestRunner.privateRun(TestRunner.java:744)
	at org.testng.TestRunner.run(TestRunner.java:602)
	at org.testng.SuiteRunner.runTest(SuiteRunner.java:380)
	at org.testng.SuiteRunner.runSequentially(SuiteRunner.java:375)
	at org.testng.SuiteRunner.privateRun(SuiteRunner.java:340)
	at org.testng.SuiteRunner.run(SuiteRunner.java:289)
	at org.testng.SuiteRunnerWorker.runSuite(SuiteRunnerWorker.java:52)
	at org.testng.SuiteRunnerWorker.run(SuiteRunnerWorker.java:86)
	at org.testng.TestNG.runSuitesSequentially(TestNG.java:1301)
	at org.testng.TestNG.runSuitesLocally(TestNG.java:1226)
	at org.testng.TestNG.runSuites(TestNG.java:1144)
	at org.testng.TestNG.run(TestNG.java:1115)
	at org.testng.remote.AbstractRemoteTestNG.run(AbstractRemoteTestNG.java:115)
	at org.testng.remote.RemoteTestNG.initAndRun(RemoteTestNG.java:251)
	at org.testng.remote.RemoteTestNG.main(RemoteTestNG.java:77)
]]>
            </full-stacktrace>
          </exception> <!-- org.openqa.selenium.NoSuchElementException -->
          <reporter-output>
          </reporter-output>
        </test-method> <!-- createSegment -->
        <test-method is-config="true" signature="flushreport()[pri:0, instance:com.augmento.testcases.ListManager_ListLibraryPageTest@37fb0bed]" started-at="2020-04-06T17:21:28Z" name="flushreport" finished-at="2020-04-06T17:21:28Z" duration-ms="217" status="PASS">
          <reporter-output>
          </reporter-output>
        </test-method> <!-- flushreport -->
      </class> <!-- com.augmento.testcases.ListManager_ListLibraryPageTest -->
    </test> <!-- Test -->
  </suite> <!-- Suite -->
</testng-results>
